Arguments: 
  /Users/amandakoster/.nvm/versions/node/v6.11.0/bin/node /Users/amandakoster/.nvm/versions/node/v6.11.0/bin/yarn watch

PATH: 
  /Users/amandakoster/.nvm/versions/node/v6.11.0/bin:/usr/local/bin:/usr/bin:/bin:/usr/sbin:/sbin

Yarn version: 
  0.27.5

Node version: 
  6.11.0

Platform: 
  darwin x64

npm manifest: 
  {
    "name": "lab27-amanda",
    "version": "1.0.0",
    "main": "index.js",
    "license": "MIT",
    "scripts": {
      "build": "webpack",
      "watch": "webpack-dev-server --inline --hot",
    },
    "dependencies": {
      "babel-core": "^6.25.0",
      "babel-loader": "^7.1.1",
      "babel-preset-es2015": "^6.24.1",
      "babel-preset-react": "^6.24.1",
      "cors": "^2.8.4",
      "css-loader": "^0.28.4",
      "extract-text-webpack-plugin": "^3.0.0",
      "html-webpack-plugin": "^2.29.0",
      "node-sass": "^4.5.3",
      "react": "^15.6.1",
      "react-dom": "^15.6.1",
      "sass-loader": "^6.0.6",
      "superagent": "^3.5.2",
      "webpack": "^3.3.0",
      "webpack-dev-server": "^2.5.1"
    }
  }

yarn manifest: 
  No manifest

Lockfile: 
  No lockfile

Trace: 
  SyntaxError: /Users/amandakoster/Documents/Amanda/learnings/CodeFellows/401/lab-27-reddit-search/lab27-amanda/package.json: Unexpected token } in JSON at position 183
      at Object.parse (native)
      at /Users/amandakoster/.nvm/versions/node/v6.11.0/lib/node_modules/yarn/lib/util/fs.js:554:57
      at next (native)
      at step (/Users/amandakoster/.nvm/versions/node/v6.11.0/lib/node_modules/yarn/node_modules/babel-runtime/helpers/asyncToGenerator.js:17:30)
      at /Users/amandakoster/.nvm/versions/node/v6.11.0/lib/node_modules/yarn/node_modules/babel-runtime/helpers/asyncToGenerator.js:28:13
